

Started GET "/" for 127.0.0.1 at 2014-12-29 11:44:34 -0500
Processing by Rails::WelcomeController#index as HTML
  Rendered C:/ProgramData/RailsInstaller/Ruby2.1.0/lib/ruby/gems/2.1.0/gems/railties-4.1.8/lib/rails/templates/rails/welcome/index.html.erb (40.1ms)
Completed 200 OK in 444ms (Views: 350.9ms | ActiveRecord: 0.0ms)


Started GET "/rails/info/properties" for 127.0.0.1 at 2014-12-29 11:45:07 -0500
Processing by Rails::InfoController#properties as HTML
  Rendered C:/ProgramData/RailsInstaller/Ruby2.1.0/lib/ruby/gems/2.1.0/gems/railties-4.1.8/lib/rails/templates/rails/info/properties.html.erb (1.0ms)
Completed 200 OK in 491ms (Views: 129.0ms | ActiveRecord: 11.7ms)
  [1m[36m (133.0ms)[0m  [1mCREATE TABLE "schema_migrations" ("version" varchar(255) NOT NULL) [0m
  [1m[35m (0.0ms)[0m  select sqlite_version(*)
  [1m[36m (153.5ms)[0m  [1mCREATE UNIQUE INDEX "unique_schema_migrations" ON "schema_migrations" ("version")[0m
  [1m[35mActiveRecord::SchemaMigration Load (1.0ms)[0m  SELECT "schema_migrations".* FROM "schema_migrations"
Migrating to CreateArticles (20141229164652)
  [1m[36m (1.0ms)[0m  [1mbegin transaction[0m
  [1m[35m (1.0ms)[0m  CREATE TABLE "articles" ("id" INTEGER PRIMARY KEY AUTOINCREMENT NOT NULL, "created_at" datetime, "updated_at" datetime) 
  [1m[36mSQL (0.0ms)[0m  [1mINSERT INTO "schema_migrations" ("version") VALUES (?)[0m  [["version", "20141229164652"]]
  [1m[35m (122.2ms)[0m  commit transaction
  [1m[36mActiveRecord::SchemaMigration Load (0.0ms)[0m  [1mSELECT "schema_migrations".* FROM "schema_migrations"[0m
  [1m[36mArticle Load (9.8ms)[0m  [1mSELECT "articles".* FROM "articles"[0m
  [1m[36mActiveRecord::SchemaMigration Load (0.0ms)[0m  [1mSELECT "schema_migrations".* FROM "schema_migrations"[0m
  [1m[35mActiveRecord::SchemaMigration Load (1.0ms)[0m  SELECT "schema_migrations".* FROM "schema_migrations"
Migrating to CreateArticles (20141229164652)
  [1m[36m (0.0ms)[0m  [1mbegin transaction[0m
  [1m[35m (2.0ms)[0m  DROP TABLE "articles"
  [1m[36mSQL (0.0ms)[0m  [1mDELETE FROM "schema_migrations" WHERE "schema_migrations"."version" = '20141229164652'[0m
  [1m[35m (59.6ms)[0m  commit transaction
  [1m[36mActiveRecord::SchemaMigration Load (0.0ms)[0m  [1mSELECT "schema_migrations".* FROM "schema_migrations"[0m
  [1m[36mActiveRecord::SchemaMigration Load (0.0ms)[0m  [1mSELECT "schema_migrations".* FROM "schema_migrations"[0m
Migrating to CreateArticles (20141229164652)
  [1m[35m (0.0ms)[0m  begin transaction
  [1m[36m (1.0ms)[0m  [1mCREATE TABLE "articles" ("id" INTEGER PRIMARY KEY AUTOINCREMENT NOT NULL, "title" varchar(255), "body" text, "created_at" datetime, "updated_at" datetime) [0m
  [1m[35mSQL (0.0ms)[0m  INSERT INTO "schema_migrations" ("version") VALUES (?)  [["version", "20141229164652"]]
  [1m[36m (94.8ms)[0m  [1mcommit transaction[0m
  [1m[35mActiveRecord::SchemaMigration Load (1.0ms)[0m  SELECT "schema_migrations".* FROM "schema_migrations"
  [1m[36mArticle Load (9.8ms)[0m  [1mSELECT "articles".* FROM "articles"[0m
  [1m[35m (2.9ms)[0m  begin transaction
  [1m[36mSQL (4.9ms)[0m  [1mINSERT INTO "articles" ("body", "created_at", "title", "updated_at") VALUES (?, ?, ?, ?)[0m  [["body", "This is the text for my article, woo hoo!"], ["created_at", "2014-12-29 17:02:51.404841"], ["title", "Sample Article Title"], ["updated_at", "2014-12-29 17:02:51.404841"]]
  [1m[35m (81.1ms)[0m  commit transaction
  [1m[36mArticle Load (1.0ms)[0m  [1mSELECT "articles".* FROM "articles"[0m
  [1m[36m (1.0ms)[0m  [1mbegin transaction[0m
  [1m[35mSQL (2.9ms)[0m  INSERT INTO "articles" ("body", "created_at", "title", "updated_at") VALUES (?, ?, ?, ?)  [["body", "Cheese is a delicious topic. You should try mozzarella."], ["created_at", "2014-12-29 17:12:30.626959"], ["title", "Cheese"], ["updated_at", "2014-12-29 17:12:30.626959"]]
  [1m[36m (99.7ms)[0m  [1mcommit transaction[0m
  [1m[35m (0.0ms)[0m  begin transaction
  [1m[36mSQL (1.0ms)[0m  [1mINSERT INTO "articles" ("body", "created_at", "title", "updated_at") VALUES (?, ?, ?, ?)[0m  [["body", "Ruby is fun."], ["created_at", "2014-12-29 17:13:03.420579"], ["title", "I am learning Ruby on Rails!"], ["updated_at", "2014-12-29 17:13:03.420579"]]
  [1m[35m (184.8ms)[0m  commit transaction
  [1m[36m (1.0ms)[0m  [1mbegin transaction[0m
  [1m[35mSQL (2.9ms)[0m  INSERT INTO "articles" ("body", "created_at", "title", "updated_at") VALUES (?, ?, ?, ?)  [["body", "Another boring example that might work."], ["created_at", "2014-12-29 17:13:38.360947"], ["title", "Example"], ["updated_at", "2014-12-29 17:13:38.360947"]]
  [1m[36m (99.7ms)[0m  [1mcommit transaction[0m
  [1m[35mArticle Load (1.0ms)[0m  SELECT "articles".* FROM "articles"


Started GET "/" for 127.0.0.1 at 2014-12-29 12:37:37 -0500
  [1m[36mActiveRecord::SchemaMigration Load (1.0ms)[0m  [1mSELECT "schema_migrations".* FROM "schema_migrations"[0m
Processing by Rails::WelcomeController#index as HTML
  Rendered c:/ProgramData/RailsInstaller/Ruby2.1.0/lib/ruby/gems/2.1.0/gems/railties-4.1.8/lib/rails/templates/rails/welcome/index.html.erb (10.8ms)
Completed 200 OK in 170ms (Views: 94.8ms | ActiveRecord: 0.0ms)


Started GET "/articles" for 127.0.0.1 at 2014-12-29 12:37:50 -0500

AbstractController::ActionNotFound (The action 'index' could not be found for ArticlesController):
  actionpack (4.1.8) lib/abstract_controller/base.rb:131:in `process'
  actionview (4.1.8) lib/action_view/rendering.rb:30:in `process'
  actionpack (4.1.8) lib/action_controller/metal.rb:196:in `dispatch'
  actionpack (4.1.8) lib/action_controller/metal/rack_delegation.rb:13:in `dispatch'
  actionpack (4.1.8) lib/action_controller/metal.rb:232:in `block in action'
  actionpack (4.1.8) lib/action_dispatch/routing/route_set.rb:82:in `call'
  actionpack (4.1.8) lib/action_dispatch/routing/route_set.rb:82:in `dispatch'
  actionpack (4.1.8) lib/action_dispatch/routing/route_set.rb:50:in `call'
  actionpack (4.1.8) lib/action_dispatch/journey/router.rb:73:in `block in call'
  actionpack (4.1.8) lib/action_dispatch/journey/router.rb:59:in `each'
  actionpack (4.1.8) lib/action_dispatch/journey/router.rb:59:in `call'
  actionpack (4.1.8) lib/action_dispatch/routing/route_set.rb:678:in `call'
  rack (1.5.2) lib/rack/etag.rb:23:in `call'
  rack (1.5.2) lib/rack/conditionalget.rb:25:in `call'
  rack (1.5.2) lib/rack/head.rb:11:in `call'
  actionpack (4.1.8) lib/action_dispatch/middleware/params_parser.rb:27:in `call'
  actionpack (4.1.8) lib/action_dispatch/middleware/flash.rb:254:in `call'
  rack (1.5.2) lib/rack/session/abstract/id.rb:225:in `context'
  rack (1.5.2) lib/rack/session/abstract/id.rb:220:in `call'
  actionpack (4.1.8) lib/action_dispatch/middleware/cookies.rb:560:in `call'
  activerecord (4.1.8) lib/active_record/query_cache.rb:36:in `call'
  activerecord (4.1.8) lib/active_record/connection_adapters/abstract/connection_pool.rb:621:in `call'
  activerecord (4.1.8) lib/active_record/migration.rb:380:in `call'
  actionpack (4.1.8) lib/action_dispatch/middleware/callbacks.rb:29:in `block in call'
  activesupport (4.1.8) lib/active_support/callbacks.rb:82:in `run_callbacks'
  actionpack (4.1.8) lib/action_dispatch/middleware/callbacks.rb:27:in `call'
  actionpack (4.1.8) lib/action_dispatch/middleware/reloader.rb:73:in `call'
  actionpack (4.1.8) lib/action_dispatch/middleware/remote_ip.rb:76:in `call'
  actionpack (4.1.8) lib/action_dispatch/middleware/debug_exceptions.rb:17:in `call'
  actionpack (4.1.8) lib/action_dispatch/middleware/show_exceptions.rb:30:in `call'
  railties (4.1.8) lib/rails/rack/logger.rb:38:in `call_app'
  railties (4.1.8) lib/rails/rack/logger.rb:20:in `block in call'
  activesupport (4.1.8) lib/active_support/tagged_logging.rb:68:in `block in tagged'
  activesupport (4.1.8) lib/active_support/tagged_logging.rb:26:in `tagged'
  activesupport (4.1.8) lib/active_support/tagged_logging.rb:68:in `tagged'
  railties (4.1.8) lib/rails/rack/logger.rb:20:in `call'
  actionpack (4.1.8) lib/action_dispatch/middleware/request_id.rb:21:in `call'
  rack (1.5.2) lib/rack/methodoverride.rb:21:in `call'
  rack (1.5.2) lib/rack/runtime.rb:17:in `call'
  activesupport (4.1.8) lib/active_support/cache/strategy/local_cache_middleware.rb:26:in `call'
  rack (1.5.2) lib/rack/lock.rb:17:in `call'
  actionpack (4.1.8) lib/action_dispatch/middleware/static.rb:84:in `call'
  rack (1.5.2) lib/rack/sendfile.rb:112:in `call'
  railties (4.1.8) lib/rails/engine.rb:514:in `call'
  railties (4.1.8) lib/rails/application.rb:144:in `call'
  rack (1.5.2) lib/rack/lock.rb:17:in `call'
  rack (1.5.2) lib/rack/content_length.rb:14:in `call'
  rack (1.5.2) lib/rack/handler/webrick.rb:60:in `service'
  c:/ProgramData/RailsInstaller/Ruby2.1.0/lib/ruby/2.1.0/webrick/httpserver.rb:138:in `service'
  c:/ProgramData/RailsInstaller/Ruby2.1.0/lib/ruby/2.1.0/webrick/httpserver.rb:94:in `run'
  c:/ProgramData/RailsInstaller/Ruby2.1.0/lib/ruby/2.1.0/webrick/server.rb:295:in `block in start_thread'


  Rendered c:/ProgramData/RailsInstaller/Ruby2.1.0/lib/ruby/gems/2.1.0/gems/actionpack-4.1.8/lib/action_dispatch/middleware/templates/rescues/unknown_action.html.erb within rescues/layout (1.0ms)


Started GET "/articles" for 127.0.0.1 at 2014-12-29 12:38:35 -0500
Processing by ArticlesController#index as HTML
Completed 500 Internal Server Error in 18ms

ActionView::MissingTemplate (Missing template articles/index, application/index with {:locale=>[:en], :formats=>[:html], :variants=>[], :handlers=>[:erb, :builder, :raw, :ruby, :coffee, :jbuilder]}. Searched in:
  * "C:/Sites/projects/blogger-app/app/views"
):
  actionview (4.1.8) lib/action_view/path_set.rb:46:in `find'
  actionview (4.1.8) lib/action_view/lookup_context.rb:124:in `find'
  c:in `find_template'
  actionview (4.1.8) lib/action_view/renderer/template_renderer.rb:41:in `determine_template'
  actionview (4.1.8) lib/action_view/renderer/template_renderer.rb:8:in `render'
  actionview (4.1.8) lib/action_view/renderer/renderer.rb:42:in `render_template'
  actionview (4.1.8) lib/action_view/renderer/renderer.rb:23:in `render'
  actionview (4.1.8) lib/action_view/rendering.rb:99:in `_render_template'
  actionpack (4.1.8) lib/action_controller/metal/streaming.rb:217:in `_render_template'
  actionview (4.1.8) lib/action_view/rendering.rb:82:in `render_to_body'
  actionpack (4.1.8) lib/action_controller/metal/rendering.rb:32:in `render_to_body'
  actionpack (4.1.8) lib/action_controller/metal/renderers.rb:32:in `render_to_body'
  actionpack (4.1.8) lib/abstract_controller/rendering.rb:25:in `render'
  actionpack (4.1.8) lib/action_controller/metal/rendering.rb:16:in `render'
  actionpack (4.1.8) lib/action_controller/metal/instrumentation.rb:41:in `block (2 levels) in render'
  activesupport (4.1.8) lib/active_support/core_ext/benchmark.rb:12:in `block in ms'
  c:/ProgramData/RailsInstaller/Ruby2.1.0/lib/ruby/2.1.0/benchmark.rb:294:in `realtime'
  activesupport (4.1.8) lib/active_support/core_ext/benchmark.rb:12:in `ms'
  actionpack (4.1.8) lib/action_controller/metal/instrumentation.rb:41:in `block in render'
  actionpack (4.1.8) lib/action_controller/metal/instrumentation.rb:84:in `cleanup_view_runtime'
  activerecord (4.1.8) lib/active_record/railties/controller_runtime.rb:25:in `cleanup_view_runtime'
  actionpack (4.1.8) lib/action_controller/metal/instrumentation.rb:40:in `render'
  actionpack (4.1.8) lib/action_controller/metal/implicit_render.rb:10:in `default_render'
  actionpack (4.1.8) lib/action_controller/metal/implicit_render.rb:5:in `send_action'
  actionpack (4.1.8) lib/abstract_controller/base.rb:189:in `process_action'
  actionpack (4.1.8) lib/action_controller/metal/rendering.rb:10:in `process_action'
  actionpack (4.1.8) lib/abstract_controller/callbacks.rb:20:in `block in process_action'
  activesupport (4.1.8) lib/active_support/callbacks.rb:113:in `call'
  activesupport (4.1.8) lib/active_support/callbacks.rb:113:in `call'
  activesupport (4.1.8) lib/active_support/callbacks.rb:229:in `block in halting'
  activesupport (4.1.8) lib/active_support/callbacks.rb:229:in `call'
  activesupport (4.1.8) lib/active_support/callbacks.rb:229:in `block in halting'
  activesupport (4.1.8) lib/active_support/callbacks.rb:166:in `call'
  activesupport (4.1.8) lib/active_support/callbacks.rb:166:in `block in halting'
  activesupport (4.1.8) lib/active_support/callbacks.rb:166:in `call'
  activesupport (4.1.8) lib/active_support/callbacks.rb:166:in `block in halting'
  activesupport (4.1.8) lib/active_support/callbacks.rb:166:in `call'
  activesupport (4.1.8) lib/active_support/callbacks.rb:166:in `block in halting'
  activesupport (4.1.8) lib/active_support/callbacks.rb:86:in `call'
  activesupport (4.1.8) lib/active_support/callbacks.rb:86:in `run_callbacks'
  actionpack (4.1.8) lib/abstract_controller/callbacks.rb:19:in `process_action'
  actionpack (4.1.8) lib/action_controller/metal/rescue.rb:29:in `process_action'
  actionpack (4.1.8) lib/action_controller/metal/instrumentation.rb:31:in `block in process_action'
  activesupport (4.1.8) lib/active_support/notifications.rb:159:in `block in instrument'
  activesupport (4.1.8) lib/active_support/notifications/instrumenter.rb:20:in `instrument'
  activesupport (4.1.8) lib/active_support/notifications.rb:159:in `instrument'
  actionpack (4.1.8) lib/action_controller/metal/instrumentation.rb:30:in `process_action'
  actionpack (4.1.8) lib/action_controller/metal/params_wrapper.rb:250:in `process_action'
  activerecord (4.1.8) lib/active_record/railties/controller_runtime.rb:18:in `process_action'
  actionpack (4.1.8) lib/abstract_controller/base.rb:136:in `process'
  actionview (4.1.8) lib/action_view/rendering.rb:30:in `process'
  actionpack (4.1.8) lib/action_controller/metal.rb:196:in `dispatch'
  actionpack (4.1.8) lib/action_controller/metal/rack_delegation.rb:13:in `dispatch'
  actionpack (4.1.8) lib/action_controller/metal.rb:232:in `block in action'
  actionpack (4.1.8) lib/action_dispatch/routing/route_set.rb:82:in `call'
  actionpack (4.1.8) lib/action_dispatch/routing/route_set.rb:82:in `dispatch'
  actionpack (4.1.8) lib/action_dispatch/routing/route_set.rb:50:in `call'
  actionpack (4.1.8) lib/action_dispatch/journey/router.rb:73:in `block in call'
  actionpack (4.1.8) lib/action_dispatch/journey/router.rb:59:in `each'
  actionpack (4.1.8) lib/action_dispatch/journey/router.rb:59:in `call'
  actionpack (4.1.8) lib/action_dispatch/routing/route_set.rb:678:in `call'
  rack (1.5.2) lib/rack/etag.rb:23:in `call'
  rack (1.5.2) lib/rack/conditionalget.rb:25:in `call'
  rack (1.5.2) lib/rack/head.rb:11:in `call'
  actionpack (4.1.8) lib/action_dispatch/middleware/params_parser.rb:27:in `call'
  actionpack (4.1.8) lib/action_dispatch/middleware/flash.rb:254:in `call'
  rack (1.5.2) lib/rack/session/abstract/id.rb:225:in `context'
  rack (1.5.2) lib/rack/session/abstract/id.rb:220:in `call'
  actionpack (4.1.8) lib/action_dispatch/middleware/cookies.rb:560:in `call'
  activerecord (4.1.8) lib/active_record/query_cache.rb:36:in `call'
  activerecord (4.1.8) lib/active_record/connection_adapters/abstract/connection_pool.rb:621:in `call'
  activerecord (4.1.8) lib/active_record/migration.rb:380:in `call'
  actionpack (4.1.8) lib/action_dispatch/middleware/callbacks.rb:29:in `block in call'
  activesupport (4.1.8) lib/active_support/callbacks.rb:82:in `run_callbacks'
  actionpack (4.1.8) lib/action_dispatch/middleware/callbacks.rb:27:in `call'
  actionpack (4.1.8) lib/action_dispatch/middleware/reloader.rb:73:in `call'
  actionpack (4.1.8) lib/action_dispatch/middleware/remote_ip.rb:76:in `call'
  actionpack (4.1.8) lib/action_dispatch/middleware/debug_exceptions.rb:17:in `call'
  actionpack (4.1.8) lib/action_dispatch/middleware/show_exceptions.rb:30:in `call'
  railties (4.1.8) lib/rails/rack/logger.rb:38:in `call_app'
  railties (4.1.8) lib/rails/rack/logger.rb:20:in `block in call'
  activesupport (4.1.8) lib/active_support/tagged_logging.rb:68:in `block in tagged'
  activesupport (4.1.8) lib/active_support/tagged_logging.rb:26:in `tagged'
  activesupport (4.1.8) lib/active_support/tagged_logging.rb:68:in `tagged'
  railties (4.1.8) lib/rails/rack/logger.rb:20:in `call'
  actionpack (4.1.8) lib/action_dispatch/middleware/request_id.rb:21:in `call'
  rack (1.5.2) lib/rack/methodoverride.rb:21:in `call'
  rack (1.5.2) lib/rack/runtime.rb:17:in `call'
  activesupport (4.1.8) lib/active_support/cache/strategy/local_cache_middleware.rb:26:in `call'
  rack (1.5.2) lib/rack/lock.rb:17:in `call'
  actionpack (4.1.8) lib/action_dispatch/middleware/static.rb:84:in `call'
  rack (1.5.2) lib/rack/sendfile.rb:112:in `call'
  railties (4.1.8) lib/rails/engine.rb:514:in `call'
  railties (4.1.8) lib/rails/application.rb:144:in `call'
  rack (1.5.2) lib/rack/lock.rb:17:in `call'
  rack (1.5.2) lib/rack/content_length.rb:14:in `call'
  rack (1.5.2) lib/rack/handler/webrick.rb:60:in `service'
  c:/ProgramData/RailsInstaller/Ruby2.1.0/lib/ruby/2.1.0/webrick/httpserver.rb:138:in `service'
  c:/ProgramData/RailsInstaller/Ruby2.1.0/lib/ruby/2.1.0/webrick/httpserver.rb:94:in `run'
  c:/ProgramData/RailsInstaller/Ruby2.1.0/lib/ruby/2.1.0/webrick/server.rb:295:in `block in start_thread'


  Rendered c:/ProgramData/RailsInstaller/Ruby2.1.0/lib/ruby/gems/2.1.0/gems/actionpack-4.1.8/lib/action_dispatch/middleware/templates/rescues/missing_template.html.erb within rescues/layout (1.0ms)


Started GET "/articles" for 127.0.0.1 at 2014-12-29 12:41:57 -0500
Processing by ArticlesController#index as HTML
  [1m[35mArticle Load (1.0ms)[0m  SELECT "articles".* FROM "articles"
  Rendered articles/index.html.erb within layouts/application (19.6ms)
Completed 200 OK in 11134ms (Views: 11129.7ms | ActiveRecord: 2.9ms)


Started GET "/assets/articles.css?body=1" for 127.0.0.1 at 2014-12-29 12:42:08 -0500


Started GET "/assets/application.css?body=1" for 127.0.0.1 at 2014-12-29 12:42:09 -0500


Started GET "/assets/application.js?body=1" for 127.0.0.1 at 2014-12-29 12:42:09 -0500


Started GET "/assets/jquery.js?body=1" for 127.0.0.1 at 2014-12-29 12:42:09 -0500


Started GET "/assets/jquery_ujs.js?body=1" for 127.0.0.1 at 2014-12-29 12:42:09 -0500


Started GET "/assets/turbolinks.js?body=1" for 127.0.0.1 at 2014-12-29 12:42:09 -0500


Started GET "/assets/articles.js?body=1" for 127.0.0.1 at 2014-12-29 12:42:09 -0500


Started GET "/articles" for 127.0.0.1 at 2014-12-29 12:43:02 -0500
Processing by ArticlesController#index as HTML
  [1m[36mArticle Load (1.0ms)[0m  [1mSELECT "articles".* FROM "articles"[0m
  Rendered articles/index.html.erb within layouts/application (7.8ms)
Completed 200 OK in 238ms (Views: 233.6ms | ActiveRecord: 1.0ms)


Started GET "/assets/articles.css?body=1" for 127.0.0.1 at 2014-12-29 12:43:03 -0500


Started GET "/assets/application.css?body=1" for 127.0.0.1 at 2014-12-29 12:43:03 -0500


Started GET "/assets/jquery.js?body=1" for 127.0.0.1 at 2014-12-29 12:43:03 -0500


Started GET "/assets/jquery_ujs.js?body=1" for 127.0.0.1 at 2014-12-29 12:43:03 -0500


Started GET "/assets/turbolinks.js?body=1" for 127.0.0.1 at 2014-12-29 12:43:03 -0500


Started GET "/assets/articles.js?body=1" for 127.0.0.1 at 2014-12-29 12:43:03 -0500


Started GET "/assets/application.js?body=1" for 127.0.0.1 at 2014-12-29 12:43:03 -0500


Started GET "/articles/1" for 127.0.0.1 at 2014-12-29 12:43:04 -0500

AbstractController::ActionNotFound (The action 'show' could not be found for ArticlesController):
  actionpack (4.1.8) lib/abstract_controller/base.rb:131:in `process'
  actionview (4.1.8) lib/action_view/rendering.rb:30:in `process'
  actionpack (4.1.8) lib/action_controller/metal.rb:196:in `dispatch'
  actionpack (4.1.8) lib/action_controller/metal/rack_delegation.rb:13:in `dispatch'
  actionpack (4.1.8) lib/action_controller/metal.rb:232:in `block in action'
  actionpack (4.1.8) lib/action_dispatch/routing/route_set.rb:82:in `call'
  actionpack (4.1.8) lib/action_dispatch/routing/route_set.rb:82:in `dispatch'
  actionpack (4.1.8) lib/action_dispatch/routing/route_set.rb:50:in `call'
  actionpack (4.1.8) lib/action_dispatch/journey/router.rb:73:in `block in call'
  actionpack (4.1.8) lib/action_dispatch/journey/router.rb:59:in `each'
  actionpack (4.1.8) lib/action_dispatch/journey/router.rb:59:in `call'
  actionpack (4.1.8) lib/action_dispatch/routing/route_set.rb:678:in `call'
  rack (1.5.2) lib/rack/etag.rb:23:in `call'
  rack (1.5.2) lib/rack/conditionalget.rb:25:in `call'
  rack (1.5.2) lib/rack/head.rb:11:in `call'
  actionpack (4.1.8) lib/action_dispatch/middleware/params_parser.rb:27:in `call'
  actionpack (4.1.8) lib/action_dispatch/middleware/flash.rb:254:in `call'
  rack (1.5.2) lib/rack/session/abstract/id.rb:225:in `context'
  rack (1.5.2) lib/rack/session/abstract/id.rb:220:in `call'
  actionpack (4.1.8) lib/action_dispatch/middleware/cookies.rb:560:in `call'
  activerecord (4.1.8) lib/active_record/query_cache.rb:36:in `call'
  activerecord (4.1.8) lib/active_record/connection_adapters/abstract/connection_pool.rb:621:in `call'
  activerecord (4.1.8) lib/active_record/migration.rb:380:in `call'
  actionpack (4.1.8) lib/action_dispatch/middleware/callbacks.rb:29:in `block in call'
  activesupport (4.1.8) lib/active_support/callbacks.rb:82:in `run_callbacks'
  actionpack (4.1.8) lib/action_dispatch/middleware/callbacks.rb:27:in `call'
  actionpack (4.1.8) lib/action_dispatch/middleware/reloader.rb:73:in `call'
  actionpack (4.1.8) lib/action_dispatch/middleware/remote_ip.rb:76:in `call'
  actionpack (4.1.8) lib/action_dispatch/middleware/debug_exceptions.rb:17:in `call'
  actionpack (4.1.8) lib/action_dispatch/middleware/show_exceptions.rb:30:in `call'
  railties (4.1.8) lib/rails/rack/logger.rb:38:in `call_app'
  railties (4.1.8) lib/rails/rack/logger.rb:20:in `block in call'
  activesupport (4.1.8) lib/active_support/tagged_logging.rb:68:in `block in tagged'
  activesupport (4.1.8) lib/active_support/tagged_logging.rb:26:in `tagged'
  activesupport (4.1.8) lib/active_support/tagged_logging.rb:68:in `tagged'
  railties (4.1.8) lib/rails/rack/logger.rb:20:in `call'
  actionpack (4.1.8) lib/action_dispatch/middleware/request_id.rb:21:in `call'
  rack (1.5.2) lib/rack/methodoverride.rb:21:in `call'
  rack (1.5.2) lib/rack/runtime.rb:17:in `call'
  activesupport (4.1.8) lib/active_support/cache/strategy/local_cache_middleware.rb:26:in `call'
  rack (1.5.2) lib/rack/lock.rb:17:in `call'
  actionpack (4.1.8) lib/action_dispatch/middleware/static.rb:84:in `call'
  rack (1.5.2) lib/rack/sendfile.rb:112:in `call'
  railties (4.1.8) lib/rails/engine.rb:514:in `call'
  railties (4.1.8) lib/rails/application.rb:144:in `call'
  rack (1.5.2) lib/rack/lock.rb:17:in `call'
  rack (1.5.2) lib/rack/content_length.rb:14:in `call'
  rack (1.5.2) lib/rack/handler/webrick.rb:60:in `service'
  c:/ProgramData/RailsInstaller/Ruby2.1.0/lib/ruby/2.1.0/webrick/httpserver.rb:138:in `service'
  c:/ProgramData/RailsInstaller/Ruby2.1.0/lib/ruby/2.1.0/webrick/httpserver.rb:94:in `run'
  c:/ProgramData/RailsInstaller/Ruby2.1.0/lib/ruby/2.1.0/webrick/server.rb:295:in `block in start_thread'


  Rendered c:/ProgramData/RailsInstaller/Ruby2.1.0/lib/ruby/gems/2.1.0/gems/actionpack-4.1.8/lib/action_dispatch/middleware/templates/rescues/unknown_action.html.erb within rescues/layout (1.0ms)


Started GET "/articles/1" for 127.0.0.1 at 2014-12-29 12:43:04 -0500

AbstractController::ActionNotFound (The action 'show' could not be found for ArticlesController):
  actionpack (4.1.8) lib/abstract_controller/base.rb:131:in `process'
  actionview (4.1.8) lib/action_view/rendering.rb:30:in `process'
  actionpack (4.1.8) lib/action_controller/metal.rb:196:in `dispatch'
  actionpack (4.1.8) lib/action_controller/metal/rack_delegation.rb:13:in `dispatch'
  actionpack (4.1.8) lib/action_controller/metal.rb:232:in `block in action'
  actionpack (4.1.8) lib/action_dispatch/routing/route_set.rb:82:in `call'
  actionpack (4.1.8) lib/action_dispatch/routing/route_set.rb:82:in `dispatch'
  actionpack (4.1.8) lib/action_dispatch/routing/route_set.rb:50:in `call'
  actionpack (4.1.8) lib/action_dispatch/journey/router.rb:73:in `block in call'
  actionpack (4.1.8) lib/action_dispatch/journey/router.rb:59:in `each'
  actionpack (4.1.8) lib/action_dispatch/journey/router.rb:59:in `call'
  actionpack (4.1.8) lib/action_dispatch/routing/route_set.rb:678:in `call'
  rack (1.5.2) lib/rack/etag.rb:23:in `call'
  rack (1.5.2) lib/rack/conditionalget.rb:25:in `call'
  rack (1.5.2) lib/rack/head.rb:11:in `call'
  actionpack (4.1.8) lib/action_dispatch/middleware/params_parser.rb:27:in `call'
  actionpack (4.1.8) lib/action_dispatch/middleware/flash.rb:254:in `call'
  rack (1.5.2) lib/rack/session/abstract/id.rb:225:in `context'
  rack (1.5.2) lib/rack/session/abstract/id.rb:220:in `call'
  actionpack (4.1.8) lib/action_dispatch/middleware/cookies.rb:560:in `call'
  activerecord (4.1.8) lib/active_record/query_cache.rb:36:in `call'
  activerecord (4.1.8) lib/active_record/connection_adapters/abstract/connection_pool.rb:621:in `call'
  activerecord (4.1.8) lib/active_record/migration.rb:380:in `call'
  actionpack (4.1.8) lib/action_dispatch/middleware/callbacks.rb:29:in `block in call'
  activesupport (4.1.8) lib/active_support/callbacks.rb:82:in `run_callbacks'
  actionpack (4.1.8) lib/action_dispatch/middleware/callbacks.rb:27:in `call'
  actionpack (4.1.8) lib/action_dispatch/middleware/reloader.rb:73:in `call'
  actionpack (4.1.8) lib/action_dispatch/middleware/remote_ip.rb:76:in `call'
  actionpack (4.1.8) lib/action_dispatch/middleware/debug_exceptions.rb:17:in `call'
  actionpack (4.1.8) lib/action_dispatch/middleware/show_exceptions.rb:30:in `call'
  railties (4.1.8) lib/rails/rack/logger.rb:38:in `call_app'
  railties (4.1.8) lib/rails/rack/logger.rb:20:in `block in call'
  activesupport (4.1.8) lib/active_support/tagged_logging.rb:68:in `block in tagged'
  activesupport (4.1.8) lib/active_support/tagged_logging.rb:26:in `tagged'
  activesupport (4.1.8) lib/active_support/tagged_logging.rb:68:in `tagged'
  railties (4.1.8) lib/rails/rack/logger.rb:20:in `call'
  actionpack (4.1.8) lib/action_dispatch/middleware/request_id.rb:21:in `call'
  rack (1.5.2) lib/rack/methodoverride.rb:21:in `call'
  rack (1.5.2) lib/rack/runtime.rb:17:in `call'
  activesupport (4.1.8) lib/active_support/cache/strategy/local_cache_middleware.rb:26:in `call'
  rack (1.5.2) lib/rack/lock.rb:17:in `call'
  actionpack (4.1.8) lib/action_dispatch/middleware/static.rb:84:in `call'
  rack (1.5.2) lib/rack/sendfile.rb:112:in `call'
  railties (4.1.8) lib/rails/engine.rb:514:in `call'
  railties (4.1.8) lib/rails/application.rb:144:in `call'
  rack (1.5.2) lib/rack/lock.rb:17:in `call'
  rack (1.5.2) lib/rack/content_length.rb:14:in `call'
  rack (1.5.2) lib/rack/handler/webrick.rb:60:in `service'
  c:/ProgramData/RailsInstaller/Ruby2.1.0/lib/ruby/2.1.0/webrick/httpserver.rb:138:in `service'
  c:/ProgramData/RailsInstaller/Ruby2.1.0/lib/ruby/2.1.0/webrick/httpserver.rb:94:in `run'
  c:/ProgramData/RailsInstaller/Ruby2.1.0/lib/ruby/2.1.0/webrick/server.rb:295:in `block in start_thread'


  Rendered c:/ProgramData/RailsInstaller/Ruby2.1.0/lib/ruby/gems/2.1.0/gems/actionpack-4.1.8/lib/action_dispatch/middleware/templates/rescues/unknown_action.html.erb within rescues/layout (2.0ms)


Started GET "/articles" for 127.0.0.1 at 2014-12-29 12:46:30 -0500
Processing by ArticlesController#index as HTML
  [1m[35mArticle Load (1.0ms)[0m  SELECT "articles".* FROM "articles"
  Rendered articles/index.html.erb within layouts/application (74.3ms)
Completed 500 Internal Server Error in 103ms

ActionView::Template::Error (undefined local variable or method `article' for #<#<Class:0x6638298>:0x6617c28>):
     6:       <%= link_to article.title, article_path(article) %>
     7:     </li>
     8:   <% end %>
     9:     <%= link_to article.title, article_path(article), class: 'article_title' %>s
    10: </ul>
  app/views/articles/index.html.erb:9:in `_app_views_articles_index_html_erb___179497913_53524272'


  Rendered c:/ProgramData/RailsInstaller/Ruby2.1.0/lib/ruby/gems/2.1.0/gems/actionpack-4.1.8/lib/action_dispatch/middleware/templates/rescues/_trace.html.erb (4.9ms)
  Rendered c:/ProgramData/RailsInstaller/Ruby2.1.0/lib/ruby/gems/2.1.0/gems/actionpack-4.1.8/lib/action_dispatch/middleware/templates/rescues/_request_and_response.html.erb (2.9ms)
  Rendered c:/ProgramData/RailsInstaller/Ruby2.1.0/lib/ruby/gems/2.1.0/gems/actionpack-4.1.8/lib/action_dispatch/middleware/templates/rescues/template_error.html.erb within rescues/layout (210.2ms)


Started GET "/articles" for 127.0.0.1 at 2014-12-29 12:47:21 -0500
Processing by ArticlesController#index as HTML
  [1m[36mArticle Load (1.0ms)[0m  [1mSELECT "articles".* FROM "articles"[0m
  Rendered articles/index.html.erb within layouts/application (7.8ms)
Completed 200 OK in 216ms (Views: 212.1ms | ActiveRecord: 1.0ms)


Started GET "/assets/articles.css?body=1" for 127.0.0.1 at 2014-12-29 12:47:21 -0500


Started GET "/assets/jquery.js?body=1" for 127.0.0.1 at 2014-12-29 12:47:21 -0500


Started GET "/assets/articles.js?body=1" for 127.0.0.1 at 2014-12-29 12:47:21 -0500


Started GET "/assets/application.css?body=1" for 127.0.0.1 at 2014-12-29 12:47:21 -0500


Started GET "/assets/jquery_ujs.js?body=1" for 127.0.0.1 at 2014-12-29 12:47:21 -0500


Started GET "/assets/turbolinks.js?body=1" for 127.0.0.1 at 2014-12-29 12:47:21 -0500


Started GET "/assets/application.js?body=1" for 127.0.0.1 at 2014-12-29 12:47:21 -0500


Started GET "/articles/1" for 127.0.0.1 at 2014-12-29 12:47:25 -0500
Processing by ArticlesController#show as HTML
  Parameters: {"id"=>"1"}
  [1m[35mArticle Load (1.0ms)[0m  SELECT  "articles".* FROM "articles"  WHERE "articles"."id" = ? LIMIT 1  [["id", 1]]
  Rendered articles/show.html.erb within layouts/application (1.0ms)
Completed 200 OK in 154ms (Views: 147.6ms | ActiveRecord: 1.0ms)


Started GET "/articles" for 127.0.0.1 at 2014-12-29 12:47:28 -0500
Processing by ArticlesController#index as HTML
  [1m[36mArticle Load (1.0ms)[0m  [1mSELECT "articles".* FROM "articles"[0m
  Rendered articles/index.html.erb within layouts/application (6.8ms)
Completed 200 OK in 238ms (Views: 234.6ms | ActiveRecord: 1.0ms)


Started GET "/articles/2" for 127.0.0.1 at 2014-12-29 12:47:29 -0500
Processing by ArticlesController#show as HTML
  Parameters: {"id"=>"2"}
  [1m[35mArticle Load (0.0ms)[0m  SELECT  "articles".* FROM "articles"  WHERE "articles"."id" = ? LIMIT 1  [["id", 2]]
  Rendered articles/show.html.erb within layouts/application (1.0ms)
Completed 200 OK in 180ms (Views: 175.0ms | ActiveRecord: 0.0ms)


Started GET "/articles" for 127.0.0.1 at 2014-12-29 12:47:30 -0500
Processing by ArticlesController#index as HTML
  [1m[36mArticle Load (1.0ms)[0m  [1mSELECT "articles".* FROM "articles"[0m
  Rendered articles/index.html.erb within layouts/application (3.9ms)
Completed 200 OK in 158ms (Views: 156.4ms | ActiveRecord: 1.0ms)


Started GET "/articles/3" for 127.0.0.1 at 2014-12-29 12:47:31 -0500
Processing by ArticlesController#show as HTML
  Parameters: {"id"=>"3"}
  [1m[35mArticle Load (1.0ms)[0m  SELECT  "articles".* FROM "articles"  WHERE "articles"."id" = ? LIMIT 1  [["id", 3]]
  Rendered articles/show.html.erb within layouts/application (1.0ms)
Completed 200 OK in 287ms (Views: 280.6ms | ActiveRecord: 1.0ms)


Started GET "/articles" for 127.0.0.1 at 2014-12-29 12:47:32 -0500
Processing by ArticlesController#index as HTML
  [1m[36mArticle Load (1.0ms)[0m  [1mSELECT "articles".* FROM "articles"[0m
  Rendered articles/index.html.erb within layouts/application (3.9ms)
Completed 200 OK in 151ms (Views: 148.6ms | ActiveRecord: 1.0ms)


Started GET "/articles" for 127.0.0.1 at 2014-12-29 12:48:24 -0500
Processing by ArticlesController#index as HTML
  [1m[35mArticle Load (1.0ms)[0m  SELECT "articles".* FROM "articles"
  Rendered articles/index.html.erb within layouts/application (4.9ms)
Completed 200 OK in 421ms (Views: 418.4ms | ActiveRecord: 1.0ms)


Started GET "/assets/articles.css?body=1" for 127.0.0.1 at 2014-12-29 12:48:25 -0500


Started GET "/assets/application.css?body=1" for 127.0.0.1 at 2014-12-29 12:48:25 -0500


Started GET "/assets/jquery.js?body=1" for 127.0.0.1 at 2014-12-29 12:48:25 -0500


Started GET "/assets/jquery_ujs.js?body=1" for 127.0.0.1 at 2014-12-29 12:48:25 -0500


Started GET "/assets/screen.css?body=1" for 127.0.0.1 at 2014-12-29 12:48:25 -0500


Started GET "/assets/turbolinks.js?body=1" for 127.0.0.1 at 2014-12-29 12:48:25 -0500


Started GET "/assets/articles.js?body=1" for 127.0.0.1 at 2014-12-29 12:48:25 -0500


Started GET "/assets/application.js?body=1" for 127.0.0.1 at 2014-12-29 12:48:25 -0500


Started GET "/articles/1" for 127.0.0.1 at 2014-12-29 12:48:28 -0500
Processing by ArticlesController#show as HTML
  Parameters: {"id"=>"1"}
  [1m[36mArticle Load (0.0ms)[0m  [1mSELECT  "articles".* FROM "articles"  WHERE "articles"."id" = ? LIMIT 1[0m  [["id", 1]]
  Rendered articles/show.html.erb within layouts/application (0.0ms)
Completed 200 OK in 132ms (Views: 129.0ms | ActiveRecord: 0.0ms)


Started GET "/articles" for 127.0.0.1 at 2014-12-29 12:48:30 -0500
Processing by ArticlesController#index as HTML
  [1m[35mArticle Load (0.0ms)[0m  SELECT "articles".* FROM "articles"
  Rendered articles/index.html.erb within layouts/application (12.7ms)
Completed 200 OK in 230ms (Views: 227.8ms | ActiveRecord: 0.0ms)


Started GET "/articles/2" for 127.0.0.1 at 2014-12-29 12:48:31 -0500
Processing by ArticlesController#show as HTML
  Parameters: {"id"=>"2"}
  [1m[36mArticle Load (0.0ms)[0m  [1mSELECT  "articles".* FROM "articles"  WHERE "articles"."id" = ? LIMIT 1[0m  [["id", 2]]
  Rendered articles/show.html.erb within layouts/application (0.0ms)
Completed 200 OK in 202ms (Views: 198.4ms | ActiveRecord: 0.0ms)


Started GET "/articles" for 127.0.0.1 at 2014-12-29 12:48:32 -0500
Processing by ArticlesController#index as HTML
  [1m[35mArticle Load (1.0ms)[0m  SELECT "articles".* FROM "articles"
  Rendered articles/index.html.erb within layouts/application (2.9ms)
Completed 200 OK in 200ms (Views: 198.4ms | ActiveRecord: 1.0ms)


Started GET "/articles" for 127.0.0.1 at 2014-12-29 14:09:30 -0500
  [1m[36mActiveRecord::SchemaMigration Load (1.0ms)[0m  [1mSELECT "schema_migrations".* FROM "schema_migrations"[0m
Processing by ArticlesController#index as HTML
  [1m[35mArticle Load (0.0ms)[0m  SELECT "articles".* FROM "articles"
  Rendered articles/index.html.erb within layouts/application (25.4ms)
Completed 200 OK in 496ms (Views: 435.0ms | ActiveRecord: 0.0ms)


Started GET "/assets/articles.css?body=1" for 127.0.0.1 at 2014-12-29 14:09:32 -0500


Started GET "/assets/application.css?body=1" for 127.0.0.1 at 2014-12-29 14:09:32 -0500


Started GET "/assets/jquery_ujs.js?body=1" for 127.0.0.1 at 2014-12-29 14:09:32 -0500


Started GET "/assets/articles.js?body=1" for 127.0.0.1 at 2014-12-29 14:09:32 -0500


Started GET "/assets/jquery.js?body=1" for 127.0.0.1 at 2014-12-29 14:09:32 -0500


Started GET "/assets/turbolinks.js?body=1" for 127.0.0.1 at 2014-12-29 14:09:32 -0500


Started GET "/assets/application.js?body=1" for 127.0.0.1 at 2014-12-29 14:09:32 -0500


Started GET "/assets/screen.css?body=1" for 127.0.0.1 at 2014-12-29 14:09:32 -0500


Started GET "/articles/new" for 127.0.0.1 at 2014-12-29 14:09:36 -0500
Processing by ArticlesController#new as HTML
  Rendered articles/new.html.erb within layouts/application (269.8ms)
Completed 200 OK in 450ms (Views: 448.7ms | ActiveRecord: 0.0ms)


Started POST "/articles" for 127.0.0.1 at 2014-12-29 14:10:11 -0500
Processing by ArticlesController#create as HTML
  Parameters: {"utf8"=>"✓", "authenticity_token"=>"Zop9w1Ecd/IsZEPB4PmfxCZm8r/4Sl5dlndEr/Vf640=", "article"=>{"title"=>"Kian is testing this program to see if it works", "body"=>"Just look at the title. This is definitely a test. Whatever."}, "commit"=>"Create Article"}
  [1m[36m (0.0ms)[0m  [1mbegin transaction[0m
  [1m[35mSQL (34.2ms)[0m  INSERT INTO "articles" ("body", "created_at", "title", "updated_at") VALUES (?, ?, ?, ?)  [["body", "Just look at the title. This is definitely a test. Whatever."], ["created_at", "2014-12-29 19:10:12.091936"], ["title", "Kian is testing this program to see if it works"], ["updated_at", "2014-12-29 19:10:12.091936"]]
  [1m[36m (92.9ms)[0m  [1mcommit transaction[0m
Redirected to http://localhost:3000/articles/5
Completed 302 Found in 199ms (ActiveRecord: 127.1ms)


Started GET "/articles/5" for 127.0.0.1 at 2014-12-29 14:10:12 -0500
Processing by ArticlesController#show as HTML
  Parameters: {"id"=>"5"}
  [1m[35mArticle Load (1.0ms)[0m  SELECT  "articles".* FROM "articles"  WHERE "articles"."id" = ? LIMIT 1  [["id", 5]]
  Rendered articles/show.html.erb within layouts/application (2.9ms)
Completed 200 OK in 251ms (Views: 239.5ms | ActiveRecord: 1.0ms)


Started GET "/assets/articles.css?body=1" for 127.0.0.1 at 2014-12-29 14:10:12 -0500


Started GET "/assets/jquery.js?body=1" for 127.0.0.1 at 2014-12-29 14:10:12 -0500


Started GET "/assets/application.css?body=1" for 127.0.0.1 at 2014-12-29 14:10:12 -0500


Started GET "/assets/articles.js?body=1" for 127.0.0.1 at 2014-12-29 14:10:12 -0500


Started GET "/assets/screen.css?body=1" for 127.0.0.1 at 2014-12-29 14:10:12 -0500


Started GET "/assets/jquery_ujs.js?body=1" for 127.0.0.1 at 2014-12-29 14:10:12 -0500


Started GET "/assets/turbolinks.js?body=1" for 127.0.0.1 at 2014-12-29 14:10:12 -0500


Started GET "/assets/application.js?body=1" for 127.0.0.1 at 2014-12-29 14:10:13 -0500


Started GET "/articles" for 127.0.0.1 at 2014-12-29 14:10:15 -0500
Processing by ArticlesController#index as HTML
  [1m[36mArticle Load (1.0ms)[0m  [1mSELECT "articles".* FROM "articles"[0m
  Rendered articles/index.html.erb within layouts/application (7.8ms)
Completed 200 OK in 201ms (Views: 198.4ms | ActiveRecord: 1.0ms)


Started GET "/articles/2" for 127.0.0.1 at 2014-12-29 14:11:25 -0500
Processing by ArticlesController#show as HTML
  Parameters: {"id"=>"2"}
  [1m[35mArticle Load (1.0ms)[0m  SELECT  "articles".* FROM "articles"  WHERE "articles"."id" = ? LIMIT 1  [["id", 2]]
  Rendered articles/show.html.erb within layouts/application (2.9ms)
Completed 200 OK in 220ms (Views: 215.1ms | ActiveRecord: 1.0ms)


Started GET "/articles" for 127.0.0.1 at 2014-12-29 14:11:31 -0500
Processing by ArticlesController#index as HTML
  [1m[36mArticle Load (1.0ms)[0m  [1mSELECT "articles".* FROM "articles"[0m
  Rendered articles/index.html.erb within layouts/application (4.9ms)
Completed 200 OK in 176ms (Views: 174.0ms | ActiveRecord: 1.0ms)


Started GET "/articles/1" for 127.0.0.1 at 2014-12-29 16:00:20 -0500
Processing by ArticlesController#show as HTML
  Parameters: {"id"=>"1"}
  [1m[35mArticle Load (31.3ms)[0m  SELECT  "articles".* FROM "articles"  WHERE "articles"."id" = ? LIMIT 1  [["id", 1]]
  Rendered articles/show.html.erb within layouts/application (395.9ms)
Completed 500 Internal Server Error in 453ms

ActionView::Template::Error (undefined local variable or method `some_path' for #<#<Class:0x5c5cd88>:0x611d780>):
    1: <h1><%= @article.title %></h1>
    2: <p><%= @article.body %></p>
    3: <%= link_to "delete", some_path %>
    4: <%= link_to "<< Back to Articles List", articles_path %>
  app/views/articles/show.html.erb:3:in `_app_views_articles_show_html_erb___537057328_50914524'


  Rendered c:/ProgramData/RailsInstaller/Ruby2.1.0/lib/ruby/gems/2.1.0/gems/actionpack-4.1.8/lib/action_dispatch/middleware/templates/rescues/_trace.html.erb (4.9ms)
  Rendered c:/ProgramData/RailsInstaller/Ruby2.1.0/lib/ruby/gems/2.1.0/gems/actionpack-4.1.8/lib/action_dispatch/middleware/templates/rescues/_request_and_response.html.erb (2.9ms)
  Rendered c:/ProgramData/RailsInstaller/Ruby2.1.0/lib/ruby/gems/2.1.0/gems/actionpack-4.1.8/lib/action_dispatch/middleware/templates/rescues/template_error.html.erb within rescues/layout (203.3ms)


Started GET "/articles/1" for 127.0.0.1 at 2014-12-29 16:00:21 -0500
Processing by ArticlesController#show as HTML
  Parameters: {"id"=>"1"}
  [1m[36mArticle Load (0.0ms)[0m  [1mSELECT  "articles".* FROM "articles"  WHERE "articles"."id" = ? LIMIT 1[0m  [["id", 1]]
  Rendered articles/show.html.erb within layouts/application (51.8ms)
Completed 500 Internal Server Error in 70ms

ActionView::Template::Error (undefined local variable or method `some_path' for #<#<Class:0x5c5cd88>:0x5e88160>):
    1: <h1><%= @article.title %></h1>
    2: <p><%= @article.body %></p>
    3: <%= link_to "delete", some_path %>
    4: <%= link_to "<< Back to Articles List", articles_path %>
  app/views/articles/show.html.erb:3:in `_app_views_articles_show_html_erb___537057328_49543452'


  Rendered c:/ProgramData/RailsInstaller/Ruby2.1.0/lib/ruby/gems/2.1.0/gems/actionpack-4.1.8/lib/action_dispatch/middleware/templates/rescues/_trace.html.erb (4.9ms)
  Rendered c:/ProgramData/RailsInstaller/Ruby2.1.0/lib/ruby/gems/2.1.0/gems/actionpack-4.1.8/lib/action_dispatch/middleware/templates/rescues/_request_and_response.html.erb (2.9ms)
  Rendered c:/ProgramData/RailsInstaller/Ruby2.1.0/lib/ruby/gems/2.1.0/gems/actionpack-4.1.8/lib/action_dispatch/middleware/templates/rescues/template_error.html.erb within rescues/layout (91.9ms)


Started GET "/articles/1" for 127.0.0.1 at 2014-12-29 16:00:29 -0500
Processing by ArticlesController#show as HTML
  Parameters: {"id"=>"1"}
  [1m[35mArticle Load (1.0ms)[0m  SELECT  "articles".* FROM "articles"  WHERE "articles"."id" = ? LIMIT 1  [["id", 1]]
  Rendered articles/show.html.erb within layouts/application (2.0ms)
Completed 200 OK in 291ms (Views: 287.4ms | ActiveRecord: 1.0ms)


Started GET "/assets/articles.css?body=1" for 127.0.0.1 at 2014-12-29 16:00:29 -0500


Started GET "/assets/articles.js?body=1" for 127.0.0.1 at 2014-12-29 16:00:29 -0500


Started GET "/assets/screen.css?body=1" for 127.0.0.1 at 2014-12-29 16:00:29 -0500


Started GET "/assets/application.css?body=1" for 127.0.0.1 at 2014-12-29 16:00:30 -0500


Started GET "/assets/jquery.js?body=1" for 127.0.0.1 at 2014-12-29 16:00:30 -0500


Started GET "/assets/jquery_ujs.js?body=1" for 127.0.0.1 at 2014-12-29 16:00:30 -0500


Started GET "/assets/turbolinks.js?body=1" for 127.0.0.1 at 2014-12-29 16:00:30 -0500


Started GET "/assets/application.js?body=1" for 127.0.0.1 at 2014-12-29 16:00:30 -0500


Started GET "/articles/1" for 127.0.0.1 at 2014-12-29 16:00:34 -0500
Processing by ArticlesController#show as HTML
  Parameters: {"id"=>"1"}
  [1m[36mArticle Load (0.0ms)[0m  [1mSELECT  "articles".* FROM "articles"  WHERE "articles"."id" = ? LIMIT 1[0m  [["id", 1]]
  Rendered articles/show.html.erb within layouts/application (2.0ms)
Completed 200 OK in 356ms (Views: 350.0ms | ActiveRecord: 0.0ms)


Started GET "/articles/1" for 127.0.0.1 at 2014-12-29 16:00:38 -0500
Processing by ArticlesController#show as HTML
  Parameters: {"id"=>"1"}
  [1m[35mArticle Load (1.0ms)[0m  SELECT  "articles".* FROM "articles"  WHERE "articles"."id" = ? LIMIT 1  [["id", 1]]
  Rendered articles/show.html.erb within layouts/application (13.7ms)
Completed 200 OK in 229ms (Views: 224.8ms | ActiveRecord: 1.0ms)


Started GET "/articles/1" for 127.0.0.1 at 2014-12-29 16:00:38 -0500
Processing by ArticlesController#show as HTML
  Parameters: {"id"=>"1"}
  [1m[36mArticle Load (1.0ms)[0m  [1mSELECT  "articles".* FROM "articles"  WHERE "articles"."id" = ? LIMIT 1[0m  [["id", 1]]
  Rendered articles/show.html.erb within layouts/application (1.0ms)
Completed 200 OK in 208ms (Views: 203.3ms | ActiveRecord: 1.0ms)


Started GET "/articles/1" for 127.0.0.1 at 2014-12-29 16:00:39 -0500
Processing by ArticlesController#show as HTML
  Parameters: {"id"=>"1"}
  [1m[35mArticle Load (1.0ms)[0m  SELECT  "articles".* FROM "articles"  WHERE "articles"."id" = ? LIMIT 1  [["id", 1]]
  Rendered articles/show.html.erb within layouts/application (1.0ms)
Completed 200 OK in 1641ms (Views: 1635.5ms | ActiveRecord: 1.0ms)


Started GET "/articles/1" for 127.0.0.1 at 2014-12-29 16:00:41 -0500
Processing by ArticlesController#show as HTML
  Parameters: {"id"=>"1"}
  [1m[36mArticle Load (1.0ms)[0m  [1mSELECT  "articles".* FROM "articles"  WHERE "articles"."id" = ? LIMIT 1[0m  [["id", 1]]
  Rendered articles/show.html.erb within layouts/application (1.0ms)
Completed 200 OK in 220ms (Views: 215.1ms | ActiveRecord: 1.0ms)


Started GET "/articles/1" for 127.0.0.1 at 2014-12-29 16:04:29 -0500
Processing by ArticlesController#show as HTML
  Parameters: {"id"=>"1"}
  [1m[35mArticle Load (0.0ms)[0m  SELECT  "articles".* FROM "articles"  WHERE "articles"."id" = ? LIMIT 1  [["id", 1]]
  Rendered articles/show.html.erb within layouts/application (19.6ms)
Completed 200 OK in 954ms (Views: 767.4ms | ActiveRecord: 2.9ms)


Started GET "/assets/articles.css?body=1" for 127.0.0.1 at 2014-12-29 16:04:31 -0500


Started GET "/assets/application.css?body=1" for 127.0.0.1 at 2014-12-29 16:04:31 -0500


Started GET "/assets/turbolinks.js?body=1" for 127.0.0.1 at 2014-12-29 16:04:31 -0500


Started GET "/assets/jquery_ujs.js?body=1" for 127.0.0.1 at 2014-12-29 16:04:31 -0500


Started GET "/assets/jquery.js?body=1" for 127.0.0.1 at 2014-12-29 16:04:31 -0500


Started GET "/assets/application.js?body=1" for 127.0.0.1 at 2014-12-29 16:04:31 -0500


Started GET "/assets/articles.js?body=1" for 127.0.0.1 at 2014-12-29 16:04:31 -0500


Started GET "/assets/screen.css?body=1" for 127.0.0.1 at 2014-12-29 16:04:31 -0500


Started DELETE "/articles/1" for 127.0.0.1 at 2014-12-29 16:04:37 -0500
Processing by ArticlesController#destroy as HTML
  Parameters: {"authenticity_token"=>"Zop9w1Ecd/IsZEPB4PmfxCZm8r/4Sl5dlndEr/Vf640=", "id"=>"1"}
Completed 500 Internal Server Error in 18ms

NoMethodError (undefined method `destroy' for "1":String):
  app/controllers/articles_controller.rb:19:in `destroy'


  Rendered c:/ProgramData/RailsInstaller/Ruby2.1.0/lib/ruby/gems/2.1.0/gems/actionpack-4.1.8/lib/action_dispatch/middleware/templates/rescues/_source.erb (1.0ms)
  Rendered c:/ProgramData/RailsInstaller/Ruby2.1.0/lib/ruby/gems/2.1.0/gems/actionpack-4.1.8/lib/action_dispatch/middleware/templates/rescues/_trace.html.erb (2.9ms)
  Rendered c:/ProgramData/RailsInstaller/Ruby2.1.0/lib/ruby/gems/2.1.0/gems/actionpack-4.1.8/lib/action_dispatch/middleware/templates/rescues/_request_and_response.html.erb (2.0ms)
  Rendered c:/ProgramData/RailsInstaller/Ruby2.1.0/lib/ruby/gems/2.1.0/gems/actionpack-4.1.8/lib/action_dispatch/middleware/templates/rescues/diagnostics.erb within rescues/layout (160.3ms)


Started DELETE "/articles/1" for 127.0.0.1 at 2014-12-29 16:05:00 -0500
Processing by ArticlesController#destroy as HTML
  Parameters: {"authenticity_token"=>"Zop9w1Ecd/IsZEPB4PmfxCZm8r/4Sl5dlndEr/Vf640=", "id"=>"1"}
Completed 500 Internal Server Error in 34ms

NoMethodError (undefined method `findd' for #<Class:0x631ab80>):
  app/controllers/articles_controller.rb:19:in `destroy'


  Rendered c:/ProgramData/RailsInstaller/Ruby2.1.0/lib/ruby/gems/2.1.0/gems/actionpack-4.1.8/lib/action_dispatch/middleware/templates/rescues/_source.erb (20.5ms)
  Rendered c:/ProgramData/RailsInstaller/Ruby2.1.0/lib/ruby/gems/2.1.0/gems/actionpack-4.1.8/lib/action_dispatch/middleware/templates/rescues/_trace.html.erb (6.8ms)
  Rendered c:/ProgramData/RailsInstaller/Ruby2.1.0/lib/ruby/gems/2.1.0/gems/actionpack-4.1.8/lib/action_dispatch/middleware/templates/rescues/_request_and_response.html.erb (5.9ms)
  Rendered c:/ProgramData/RailsInstaller/Ruby2.1.0/lib/ruby/gems/2.1.0/gems/actionpack-4.1.8/lib/action_dispatch/middleware/templates/rescues/diagnostics.erb within rescues/layout (190.6ms)


Started DELETE "/articles/1" for 127.0.0.1 at 2014-12-29 16:05:10 -0500
Processing by ArticlesController#destroy as HTML
  Parameters: {"authenticity_token"=>"Zop9w1Ecd/IsZEPB4PmfxCZm8r/4Sl5dlndEr/Vf640=", "id"=>"1"}
  [1m[36mArticle Load (0.0ms)[0m  [1mSELECT  "articles".* FROM "articles"  WHERE "articles"."id" = ? LIMIT 1[0m  [["id", 1]]
  [1m[35m (0.0ms)[0m  begin transaction
  [1m[36mSQL (18.6ms)[0m  [1mDELETE FROM "articles" WHERE "articles"."id" = ?[0m  [["id", 1]]
  [1m[35m (95.8ms)[0m  commit transaction
Redirected to http://localhost:3000/articles
Completed 302 Found in 246ms (ActiveRecord: 128.1ms)


Started GET "/articles" for 127.0.0.1 at 2014-12-29 16:05:11 -0500
Processing by ArticlesController#index as HTML
  [1m[36mArticle Load (2.0ms)[0m  [1mSELECT "articles".* FROM "articles"[0m
  Rendered articles/index.html.erb within layouts/application (11.7ms)
Completed 200 OK in 234ms (Views: 230.7ms | ActiveRecord: 2.0ms)


Started GET "/assets/articles.css?body=1" for 127.0.0.1 at 2014-12-29 16:05:11 -0500


Started GET "/assets/jquery_ujs.js?body=1" for 127.0.0.1 at 2014-12-29 16:05:11 -0500


Started GET "/assets/jquery.js?body=1" for 127.0.0.1 at 2014-12-29 16:05:11 -0500


Started GET "/assets/application.css?body=1" for 127.0.0.1 at 2014-12-29 16:05:11 -0500


Started GET "/assets/turbolinks.js?body=1" for 127.0.0.1 at 2014-12-29 16:05:12 -0500


Started GET "/assets/articles.js?body=1" for 127.0.0.1 at 2014-12-29 16:05:12 -0500


Started GET "/assets/application.js?body=1" for 127.0.0.1 at 2014-12-29 16:05:12 -0500


Started GET "/assets/screen.css?body=1" for 127.0.0.1 at 2014-12-29 16:05:12 -0500


Started GET "/articles/1" for 127.0.0.1 at 2014-12-29 16:05:24 -0500
Processing by ArticlesController#show as HTML
  Parameters: {"id"=>"1"}
  [1m[35mArticle Load (1.0ms)[0m  SELECT  "articles".* FROM "articles"  WHERE "articles"."id" = ? LIMIT 1  [["id", 1]]
Completed 404 Not Found in 5ms

ActiveRecord::RecordNotFound (Couldn't find Article with 'id'=1):
  app/controllers/articles_controller.rb:6:in `show'


  Rendered c:/ProgramData/RailsInstaller/Ruby2.1.0/lib/ruby/gems/2.1.0/gems/actionpack-4.1.8/lib/action_dispatch/middleware/templates/rescues/_source.erb (16.6ms)
  Rendered c:/ProgramData/RailsInstaller/Ruby2.1.0/lib/ruby/gems/2.1.0/gems/actionpack-4.1.8/lib/action_dispatch/middleware/templates/rescues/_trace.html.erb (9.8ms)
  Rendered c:/ProgramData/RailsInstaller/Ruby2.1.0/lib/ruby/gems/2.1.0/gems/actionpack-4.1.8/lib/action_dispatch/middleware/templates/rescues/_request_and_response.html.erb (14.7ms)
  Rendered c:/ProgramData/RailsInstaller/Ruby2.1.0/lib/ruby/gems/2.1.0/gems/actionpack-4.1.8/lib/action_dispatch/middleware/templates/rescues/diagnostics.erb within rescues/layout (264.9ms)


Started GET "/articles" for 127.0.0.1 at 2014-12-29 16:05:33 -0500
Processing by ArticlesController#index as HTML
  [1m[36mArticle Load (1.0ms)[0m  [1mSELECT "articles".* FROM "articles"[0m
  Rendered articles/index.html.erb within layouts/application (5.9ms)
Completed 200 OK in 260ms (Views: 258.1ms | ActiveRecord: 1.0ms)


Started GET "/assets/jquery_ujs.js?body=1" for 127.0.0.1 at 2014-12-29 16:05:33 -0500


Started GET "/assets/turbolinks.js?body=1" for 127.0.0.1 at 2014-12-29 16:05:33 -0500


Started GET "/assets/jquery.js?body=1" for 127.0.0.1 at 2014-12-29 16:05:33 -0500


Started GET "/assets/screen.css?body=1" for 127.0.0.1 at 2014-12-29 16:05:33 -0500


Started GET "/assets/application.css?body=1" for 127.0.0.1 at 2014-12-29 16:05:33 -0500


Started GET "/assets/articles.css?body=1" for 127.0.0.1 at 2014-12-29 16:05:33 -0500


Started GET "/assets/articles.js?body=1" for 127.0.0.1 at 2014-12-29 16:05:33 -0500


Started GET "/assets/application.js?body=1" for 127.0.0.1 at 2014-12-29 16:05:33 -0500


Started GET "/articles/3" for 127.0.0.1 at 2014-12-29 16:07:03 -0500
Processing by ArticlesController#show as HTML
  Parameters: {"id"=>"3"}
  [1m[35mArticle Load (1.0ms)[0m  SELECT  "articles".* FROM "articles"  WHERE "articles"."id" = ? LIMIT 1  [["id", 3]]
  Rendered articles/show.html.erb within layouts/application (12.7ms)
Completed 200 OK in 232ms (Views: 227.8ms | ActiveRecord: 1.0ms)


Started GET "/articles/3/edit" for 127.0.0.1 at 2014-12-29 16:07:15 -0500

AbstractController::ActionNotFound (The action 'edit' could not be found for ArticlesController):
  actionpack (4.1.8) lib/abstract_controller/base.rb:131:in `process'
  actionview (4.1.8) lib/action_view/rendering.rb:30:in `process'
  actionpack (4.1.8) lib/action_controller/metal.rb:196:in `dispatch'
  actionpack (4.1.8) lib/action_controller/metal/rack_delegation.rb:13:in `dispatch'
  actionpack (4.1.8) lib/action_controller/metal.rb:232:in `block in action'
  actionpack (4.1.8) lib/action_dispatch/routing/route_set.rb:82:in `call'
  actionpack (4.1.8) lib/action_dispatch/routing/route_set.rb:82:in `dispatch'
  actionpack (4.1.8) lib/action_dispatch/routing/route_set.rb:50:in `call'
  actionpack (4.1.8) lib/action_dispatch/journey/router.rb:73:in `block in call'
  actionpack (4.1.8) lib/action_dispatch/journey/router.rb:59:in `each'
  actionpack (4.1.8) lib/action_dispatch/journey/router.rb:59:in `call'
  actionpack (4.1.8) lib/action_dispatch/routing/route_set.rb:678:in `call'
  rack (1.5.2) lib/rack/etag.rb:23:in `call'
  rack (1.5.2) lib/rack/conditionalget.rb:25:in `call'
  rack (1.5.2) lib/rack/head.rb:11:in `call'
  actionpack (4.1.8) lib/action_dispatch/middleware/params_parser.rb:27:in `call'
  actionpack (4.1.8) lib/action_dispatch/middleware/flash.rb:254:in `call'
  rack (1.5.2) lib/rack/session/abstract/id.rb:225:in `context'
  rack (1.5.2) lib/rack/session/abstract/id.rb:220:in `call'
  actionpack (4.1.8) lib/action_dispatch/middleware/cookies.rb:560:in `call'
  activerecord (4.1.8) lib/active_record/query_cache.rb:36:in `call'
  activerecord (4.1.8) lib/active_record/connection_adapters/abstract/connection_pool.rb:621:in `call'
  activerecord (4.1.8) lib/active_record/migration.rb:380:in `call'
  actionpack (4.1.8) lib/action_dispatch/middleware/callbacks.rb:29:in `block in call'
  activesupport (4.1.8) lib/active_support/callbacks.rb:82:in `run_callbacks'
  actionpack (4.1.8) lib/action_dispatch/middleware/callbacks.rb:27:in `call'
  actionpack (4.1.8) lib/action_dispatch/middleware/reloader.rb:73:in `call'
  actionpack (4.1.8) lib/action_dispatch/middleware/remote_ip.rb:76:in `call'
  actionpack (4.1.8) lib/action_dispatch/middleware/debug_exceptions.rb:17:in `call'
  actionpack (4.1.8) lib/action_dispatch/middleware/show_exceptions.rb:30:in `call'
  railties (4.1.8) lib/rails/rack/logger.rb:38:in `call_app'
  railties (4.1.8) lib/rails/rack/logger.rb:20:in `block in call'
  activesupport (4.1.8) lib/active_support/tagged_logging.rb:68:in `block in tagged'
  activesupport (4.1.8) lib/active_support/tagged_logging.rb:26:in `tagged'
  activesupport (4.1.8) lib/active_support/tagged_logging.rb:68:in `tagged'
  railties (4.1.8) lib/rails/rack/logger.rb:20:in `call'
  actionpack (4.1.8) lib/action_dispatch/middleware/request_id.rb:21:in `call'
  rack (1.5.2) lib/rack/methodoverride.rb:21:in `call'
  rack (1.5.2) lib/rack/runtime.rb:17:in `call'
  activesupport (4.1.8) lib/active_support/cache/strategy/local_cache_middleware.rb:26:in `call'
  rack (1.5.2) lib/rack/lock.rb:17:in `call'
  actionpack (4.1.8) lib/action_dispatch/middleware/static.rb:84:in `call'
  rack (1.5.2) lib/rack/sendfile.rb:112:in `call'
  railties (4.1.8) lib/rails/engine.rb:514:in `call'
  railties (4.1.8) lib/rails/application.rb:144:in `call'
  rack (1.5.2) lib/rack/lock.rb:17:in `call'
  rack (1.5.2) lib/rack/content_length.rb:14:in `call'
  rack (1.5.2) lib/rack/handler/webrick.rb:60:in `service'
  c:/ProgramData/RailsInstaller/Ruby2.1.0/lib/ruby/2.1.0/webrick/httpserver.rb:138:in `service'
  c:/ProgramData/RailsInstaller/Ruby2.1.0/lib/ruby/2.1.0/webrick/httpserver.rb:94:in `run'
  c:/ProgramData/RailsInstaller/Ruby2.1.0/lib/ruby/2.1.0/webrick/server.rb:295:in `block in start_thread'


  Rendered c:/ProgramData/RailsInstaller/Ruby2.1.0/lib/ruby/gems/2.1.0/gems/actionpack-4.1.8/lib/action_dispatch/middleware/templates/rescues/unknown_action.html.erb within rescues/layout (1.0ms)


Started GET "/articles/3/edit" for 127.0.0.1 at 2014-12-29 16:07:15 -0500

AbstractController::ActionNotFound (The action 'edit' could not be found for ArticlesController):
  actionpack (4.1.8) lib/abstract_controller/base.rb:131:in `process'
  actionview (4.1.8) lib/action_view/rendering.rb:30:in `process'
  actionpack (4.1.8) lib/action_controller/metal.rb:196:in `dispatch'
  actionpack (4.1.8) lib/action_controller/metal/rack_delegation.rb:13:in `dispatch'
  actionpack (4.1.8) lib/action_controller/metal.rb:232:in `block in action'
  actionpack (4.1.8) lib/action_dispatch/routing/route_set.rb:82:in `call'
  actionpack (4.1.8) lib/action_dispatch/routing/route_set.rb:82:in `dispatch'
  actionpack (4.1.8) lib/action_dispatch/routing/route_set.rb:50:in `call'
  actionpack (4.1.8) lib/action_dispatch/journey/router.rb:73:in `block in call'
  actionpack (4.1.8) lib/action_dispatch/journey/router.rb:59:in `each'
  actionpack (4.1.8) lib/action_dispatch/journey/router.rb:59:in `call'
  actionpack (4.1.8) lib/action_dispatch/routing/route_set.rb:678:in `call'
  rack (1.5.2) lib/rack/etag.rb:23:in `call'
  rack (1.5.2) lib/rack/conditionalget.rb:25:in `call'
  rack (1.5.2) lib/rack/head.rb:11:in `call'
  actionpack (4.1.8) lib/action_dispatch/middleware/params_parser.rb:27:in `call'
  actionpack (4.1.8) lib/action_dispatch/middleware/flash.rb:254:in `call'
  rack (1.5.2) lib/rack/session/abstract/id.rb:225:in `context'
  rack (1.5.2) lib/rack/session/abstract/id.rb:220:in `call'
  actionpack (4.1.8) lib/action_dispatch/middleware/cookies.rb:560:in `call'
  activerecord (4.1.8) lib/active_record/query_cache.rb:36:in `call'
  activerecord (4.1.8) lib/active_record/connection_adapters/abstract/connection_pool.rb:621:in `call'
  activerecord (4.1.8) lib/active_record/migration.rb:380:in `call'
  actionpack (4.1.8) lib/action_dispatch/middleware/callbacks.rb:29:in `block in call'
  activesupport (4.1.8) lib/active_support/callbacks.rb:82:in `run_callbacks'
  actionpack (4.1.8) lib/action_dispatch/middleware/callbacks.rb:27:in `call'
  actionpack (4.1.8) lib/action_dispatch/middleware/reloader.rb:73:in `call'
  actionpack (4.1.8) lib/action_dispatch/middleware/remote_ip.rb:76:in `call'
  actionpack (4.1.8) lib/action_dispatch/middleware/debug_exceptions.rb:17:in `call'
  actionpack (4.1.8) lib/action_dispatch/middleware/show_exceptions.rb:30:in `call'
  railties (4.1.8) lib/rails/rack/logger.rb:38:in `call_app'
  railties (4.1.8) lib/rails/rack/logger.rb:20:in `block in call'
  activesupport (4.1.8) lib/active_support/tagged_logging.rb:68:in `block in tagged'
  activesupport (4.1.8) lib/active_support/tagged_logging.rb:26:in `tagged'
  activesupport (4.1.8) lib/active_support/tagged_logging.rb:68:in `tagged'
  railties (4.1.8) lib/rails/rack/logger.rb:20:in `call'
  actionpack (4.1.8) lib/action_dispatch/middleware/request_id.rb:21:in `call'
  rack (1.5.2) lib/rack/methodoverride.rb:21:in `call'
  rack (1.5.2) lib/rack/runtime.rb:17:in `call'
  activesupport (4.1.8) lib/active_support/cache/strategy/local_cache_middleware.rb:26:in `call'
  rack (1.5.2) lib/rack/lock.rb:17:in `call'
  actionpack (4.1.8) lib/action_dispatch/middleware/static.rb:84:in `call'
  rack (1.5.2) lib/rack/sendfile.rb:112:in `call'
  railties (4.1.8) lib/rails/engine.rb:514:in `call'
  railties (4.1.8) lib/rails/application.rb:144:in `call'
  rack (1.5.2) lib/rack/lock.rb:17:in `call'
  rack (1.5.2) lib/rack/content_length.rb:14:in `call'
  rack (1.5.2) lib/rack/handler/webrick.rb:60:in `service'
  c:/ProgramData/RailsInstaller/Ruby2.1.0/lib/ruby/2.1.0/webrick/httpserver.rb:138:in `service'
  c:/ProgramData/RailsInstaller/Ruby2.1.0/lib/ruby/2.1.0/webrick/httpserver.rb:94:in `run'
  c:/ProgramData/RailsInstaller/Ruby2.1.0/lib/ruby/2.1.0/webrick/server.rb:295:in `block in start_thread'


  Rendered c:/ProgramData/RailsInstaller/Ruby2.1.0/lib/ruby/gems/2.1.0/gems/actionpack-4.1.8/lib/action_dispatch/middleware/templates/rescues/unknown_action.html.erb within rescues/layout (2.9ms)


Started GET "/articles/3" for 127.0.0.1 at 2014-12-29 16:07:18 -0500
Processing by ArticlesController#show as HTML
  Parameters: {"id"=>"3"}
  [1m[36mArticle Load (1.0ms)[0m  [1mSELECT  "articles".* FROM "articles"  WHERE "articles"."id" = ? LIMIT 1[0m  [["id", 3]]
  Rendered articles/show.html.erb within layouts/application (3.9ms)
Completed 200 OK in 336ms (Views: 324.6ms | ActiveRecord: 1.0ms)


Started GET "/assets/articles.css?body=1" for 127.0.0.1 at 2014-12-29 16:07:18 -0500


Started GET "/assets/application.css?body=1" for 127.0.0.1 at 2014-12-29 16:07:18 -0500


Started GET "/assets/jquery.js?body=1" for 127.0.0.1 at 2014-12-29 16:07:18 -0500


Started GET "/assets/screen.css?body=1" for 127.0.0.1 at 2014-12-29 16:07:18 -0500


Started GET "/assets/jquery_ujs.js?body=1" for 127.0.0.1 at 2014-12-29 16:07:18 -0500


Started GET "/assets/turbolinks.js?body=1" for 127.0.0.1 at 2014-12-29 16:07:18 -0500


Started GET "/assets/articles.js?body=1" for 127.0.0.1 at 2014-12-29 16:07:19 -0500


Started GET "/assets/application.js?body=1" for 127.0.0.1 at 2014-12-29 16:07:19 -0500


Started GET "/articles" for 127.0.0.1 at 2014-12-29 16:10:23 -0500
Processing by ArticlesController#index as HTML
  [1m[35mArticle Load (1.0ms)[0m  SELECT "articles".* FROM "articles"
  Rendered articles/index.html.erb within layouts/application (16.6ms)
Completed 200 OK in 215ms (Views: 205.3ms | ActiveRecord: 2.0ms)


Started GET "/articles/new" for 127.0.0.1 at 2014-12-29 16:10:25 -0500
Processing by ArticlesController#new as HTML
  Rendered articles/_form.html.erb (262.0ms)
  Rendered articles/new.html.erb within layouts/application (331.4ms)
Completed 200 OK in 505ms (Views: 504.4ms | ActiveRecord: 0.0ms)


Started GET "/articles" for 127.0.0.1 at 2014-12-29 16:10:31 -0500
Processing by ArticlesController#index as HTML
  [1m[36mArticle Load (1.0ms)[0m  [1mSELECT "articles".* FROM "articles"[0m
  Rendered articles/index.html.erb within layouts/application (7.8ms)
Completed 200 OK in 267ms (Views: 263.9ms | ActiveRecord: 1.0ms)


Started GET "/assets/articles.css?body=1" for 127.0.0.1 at 2014-12-29 16:10:31 -0500


Started GET "/assets/screen.css?body=1" for 127.0.0.1 at 2014-12-29 16:10:31 -0500


Started GET "/assets/application.css?body=1" for 127.0.0.1 at 2014-12-29 16:10:31 -0500


Started GET "/assets/jquery.js?body=1" for 127.0.0.1 at 2014-12-29 16:10:31 -0500


Started GET "/assets/jquery_ujs.js?body=1" for 127.0.0.1 at 2014-12-29 16:10:31 -0500


Started GET "/assets/turbolinks.js?body=1" for 127.0.0.1 at 2014-12-29 16:10:31 -0500


Started GET "/assets/articles.js?body=1" for 127.0.0.1 at 2014-12-29 16:10:31 -0500


Started GET "/assets/application.js?body=1" for 127.0.0.1 at 2014-12-29 16:10:31 -0500


Started GET "/articles/3" for 127.0.0.1 at 2014-12-29 16:10:33 -0500
Processing by ArticlesController#show as HTML
  Parameters: {"id"=>"3"}
  [1m[35mArticle Load (1.0ms)[0m  SELECT  "articles".* FROM "articles"  WHERE "articles"."id" = ? LIMIT 1  [["id", 3]]
  Rendered articles/show.html.erb within layouts/application (16.6ms)
Completed 200 OK in 229ms (Views: 223.9ms | ActiveRecord: 1.0ms)


Started GET "/articles/3/edit" for 127.0.0.1 at 2014-12-29 16:10:35 -0500
Processing by ArticlesController#edit as HTML
  Parameters: {"id"=>"3"}
  [1m[36mArticle Load (1.0ms)[0m  [1mSELECT  "articles".* FROM "articles"  WHERE "articles"."id" = ? LIMIT 1[0m  [["id", 3]]
  Rendered articles/edit.html.erb within layouts/application (1.0ms)
Completed 200 OK in 153ms (Views: 150.5ms | ActiveRecord: 1.0ms)


Started GET "/articles/3/edit" for 127.0.0.1 at 2014-12-29 16:10:43 -0500
Processing by ArticlesController#edit as HTML
  Parameters: {"id"=>"3"}
  [1m[35mArticle Load (2.0ms)[0m  SELECT  "articles".* FROM "articles"  WHERE "articles"."id" = ? LIMIT 1  [["id", 3]]
  Rendered articles/_form.html.erb (19.6ms)
  Rendered articles/edit.html.erb within layouts/application (28.4ms)
Completed 200 OK in 295ms (Views: 289.4ms | ActiveRecord: 2.0ms)


Started GET "/assets/screen.css?body=1" for 127.0.0.1 at 2014-12-29 16:10:44 -0500


Started GET "/assets/jquery_ujs.js?body=1" for 127.0.0.1 at 2014-12-29 16:10:44 -0500


Started GET "/assets/jquery.js?body=1" for 127.0.0.1 at 2014-12-29 16:10:44 -0500


Started GET "/assets/application.css?body=1" for 127.0.0.1 at 2014-12-29 16:10:44 -0500


Started GET "/assets/turbolinks.js?body=1" for 127.0.0.1 at 2014-12-29 16:10:44 -0500


Started GET "/assets/articles.css?body=1" for 127.0.0.1 at 2014-12-29 16:10:44 -0500


Started GET "/assets/articles.js?body=1" for 127.0.0.1 at 2014-12-29 16:10:44 -0500


Started GET "/assets/application.js?body=1" for 127.0.0.1 at 2014-12-29 16:10:44 -0500


Started PATCH "/articles/3" for 127.0.0.1 at 2014-12-29 16:10:51 -0500

AbstractController::ActionNotFound (The action 'update' could not be found for ArticlesController):
  actionpack (4.1.8) lib/abstract_controller/base.rb:131:in `process'
  actionview (4.1.8) lib/action_view/rendering.rb:30:in `process'
  actionpack (4.1.8) lib/action_controller/metal.rb:196:in `dispatch'
  actionpack (4.1.8) lib/action_controller/metal/rack_delegation.rb:13:in `dispatch'
  actionpack (4.1.8) lib/action_controller/metal.rb:232:in `block in action'
  actionpack (4.1.8) lib/action_dispatch/routing/route_set.rb:82:in `call'
  actionpack (4.1.8) lib/action_dispatch/routing/route_set.rb:82:in `dispatch'
  actionpack (4.1.8) lib/action_dispatch/routing/route_set.rb:50:in `call'
  actionpack (4.1.8) lib/action_dispatch/journey/router.rb:73:in `block in call'
  actionpack (4.1.8) lib/action_dispatch/journey/router.rb:59:in `each'
  actionpack (4.1.8) lib/action_dispatch/journey/router.rb:59:in `call'
  actionpack (4.1.8) lib/action_dispatch/routing/route_set.rb:678:in `call'
  rack (1.5.2) lib/rack/etag.rb:23:in `call'
  rack (1.5.2) lib/rack/conditionalget.rb:35:in `call'
  rack (1.5.2) lib/rack/head.rb:11:in `call'
  actionpack (4.1.8) lib/action_dispatch/middleware/params_parser.rb:27:in `call'
  actionpack (4.1.8) lib/action_dispatch/middleware/flash.rb:254:in `call'
  rack (1.5.2) lib/rack/session/abstract/id.rb:225:in `context'
  rack (1.5.2) lib/rack/session/abstract/id.rb:220:in `call'
  actionpack (4.1.8) lib/action_dispatch/middleware/cookies.rb:560:in `call'
  activerecord (4.1.8) lib/active_record/query_cache.rb:36:in `call'
  activerecord (4.1.8) lib/active_record/connection_adapters/abstract/connection_pool.rb:621:in `call'
  activerecord (4.1.8) lib/active_record/migration.rb:380:in `call'
  actionpack (4.1.8) lib/action_dispatch/middleware/callbacks.rb:29:in `block in call'
  activesupport (4.1.8) lib/active_support/callbacks.rb:82:in `run_callbacks'
  actionpack (4.1.8) lib/action_dispatch/middleware/callbacks.rb:27:in `call'
  actionpack (4.1.8) lib/action_dispatch/middleware/reloader.rb:73:in `call'
  actionpack (4.1.8) lib/action_dispatch/middleware/remote_ip.rb:76:in `call'
  actionpack (4.1.8) lib/action_dispatch/middleware/debug_exceptions.rb:17:in `call'
  actionpack (4.1.8) lib/action_dispatch/middleware/show_exceptions.rb:30:in `call'
  railties (4.1.8) lib/rails/rack/logger.rb:38:in `call_app'
  railties (4.1.8) lib/rails/rack/logger.rb:20:in `block in call'
  activesupport (4.1.8) lib/active_support/tagged_logging.rb:68:in `block in tagged'
  activesupport (4.1.8) lib/active_support/tagged_logging.rb:26:in `tagged'
  activesupport (4.1.8) lib/active_support/tagged_logging.rb:68:in `tagged'
  railties (4.1.8) lib/rails/rack/logger.rb:20:in `call'
  actionpack (4.1.8) lib/action_dispatch/middleware/request_id.rb:21:in `call'
  rack (1.5.2) lib/rack/methodoverride.rb:21:in `call'
  rack (1.5.2) lib/rack/runtime.rb:17:in `call'
  activesupport (4.1.8) lib/active_support/cache/strategy/local_cache_middleware.rb:26:in `call'
  rack (1.5.2) lib/rack/lock.rb:17:in `call'
  actionpack (4.1.8) lib/action_dispatch/middleware/static.rb:84:in `call'
  rack (1.5.2) lib/rack/sendfile.rb:112:in `call'
  railties (4.1.8) lib/rails/engine.rb:514:in `call'
  railties (4.1.8) lib/rails/application.rb:144:in `call'
  rack (1.5.2) lib/rack/lock.rb:17:in `call'
  rack (1.5.2) lib/rack/content_length.rb:14:in `call'
  rack (1.5.2) lib/rack/handler/webrick.rb:60:in `service'
  c:/ProgramData/RailsInstaller/Ruby2.1.0/lib/ruby/2.1.0/webrick/httpserver.rb:138:in `service'
  c:/ProgramData/RailsInstaller/Ruby2.1.0/lib/ruby/2.1.0/webrick/httpserver.rb:94:in `run'
  c:/ProgramData/RailsInstaller/Ruby2.1.0/lib/ruby/2.1.0/webrick/server.rb:295:in `block in start_thread'


  Rendered c:/ProgramData/RailsInstaller/Ruby2.1.0/lib/ruby/gems/2.1.0/gems/actionpack-4.1.8/lib/action_dispatch/middleware/templates/rescues/unknown_action.html.erb within rescues/layout (2.0ms)


Started GET "/articles" for 127.0.0.1 at 2014-12-29 16:10:55 -0500
Processing by ArticlesController#index as HTML
  [1m[36mArticle Load (1.0ms)[0m  [1mSELECT "articles".* FROM "articles"[0m
  Rendered articles/index.html.erb within layouts/application (5.9ms)
Completed 200 OK in 221ms (Views: 218.0ms | ActiveRecord: 1.0ms)


Started GET "/assets/jquery.js?body=1" for 127.0.0.1 at 2014-12-29 16:10:55 -0500


Started GET "/assets/turbolinks.js?body=1" for 127.0.0.1 at 2014-12-29 16:10:55 -0500


Started GET "/assets/jquery_ujs.js?body=1" for 127.0.0.1 at 2014-12-29 16:10:55 -0500


Started GET "/assets/application.css?body=1" for 127.0.0.1 at 2014-12-29 16:10:55 -0500


Started GET "/assets/screen.css?body=1" for 127.0.0.1 at 2014-12-29 16:10:55 -0500


Started GET "/assets/articles.css?body=1" for 127.0.0.1 at 2014-12-29 16:10:55 -0500


Started GET "/assets/articles.js?body=1" for 127.0.0.1 at 2014-12-29 16:10:55 -0500


Started GET "/assets/application.js?body=1" for 127.0.0.1 at 2014-12-29 16:10:55 -0500
